<?xml version="1.0" encoding="UTF-8"?>
<!-- Generated by org.testng.reporters.JUnitXMLReporter -->
<testsuite ignored="5" hostname="LAPTOP-MVN1TR0E" failures="0" tests="1" name="Test" time="35.335" errors="0" timestamp="2023-05-18T13:19:13 IST">
  <testcase classname="Demo.AppiumTestFramework.HybridTestCases" name="login" time="8.093"/>
  <testcase classname="Demo.AppiumTestFramework.HybridTestCases" name="AddToCartSinglepro" time="0.0">
    <ignored/>
  </testcase> <!-- AddToCartSinglepro -->
  <testcase classname="Demo.AppiumTestFramework.HybridTestCases" name="checkPrice" time="0.0">
    <ignored/>
  </testcase> <!-- checkPrice -->
  <testcase classname="Demo.AppiumTestFramework.HybridTestCases" name="AddToCart" time="0.0">
    <ignored/>
  </testcase> <!-- AddToCart -->
  <testcase classname="Demo.AppiumTestFramework.HybridTestCases" name="InvalidLogin" time="0.0">
    <ignored/>
  </testcase> <!-- InvalidLogin -->
  <testcase classname="Demo.AppiumTestFramework.HybridTestCases" name="visitWeb" time="0.0">
    <ignored/>
  </testcase> <!-- visitWeb -->
</testsuite> <!-- Test -->
