<?xml version="1.0" encoding="UTF-8"?>
<testng-results ignored="5" total="6" passed="1" failed="0" skipped="0">
  <reporter-output>
  </reporter-output>
  <suite started-at="2023-05-18T13:18:38 IST" name="Suite" finished-at="2023-05-18T13:19:13 IST" duration-ms="35335">
    <groups>
    </groups>
    <test started-at="2023-05-18T13:18:38 IST" name="Test" finished-at="2023-05-18T13:19:13 IST" duration-ms="35335">
      <class name="Demo.AppiumTestFramework.HybridTestCases">
        <test-method is-config="true" signature="setup()[pri:0, instance:Demo.AppiumTestFramework.HybridTestCases@2d0399f4]" started-at="2023-05-18T13:18:38 IST" name="setup" finished-at="2023-05-18T13:19:05 IST" duration-ms="27210" status="PASS">
          <reporter-output>
          </reporter-output>
        </test-method> <!-- setup -->
        <test-method signature="login()[pri:0, instance:Demo.AppiumTestFramework.HybridTestCases@2d0399f4]" started-at="2023-05-18T13:19:05 IST" name="login" finished-at="2023-05-18T13:19:13 IST" duration-ms="8093" status="PASS">
          <reporter-output>
          </reporter-output>
        </test-method> <!-- login -->
      </class> <!-- Demo.AppiumTestFramework.HybridTestCases -->
    </test> <!-- Test -->
  </suite> <!-- Suite -->
</testng-results>
